# JRE version: Java(TM) SE Runtime Environment (8.0_321-b07) (build 1.8.0_321-b07)
# Java VM: Java HotSpot(TM) 64-Bit Server VM (25.321-b07 mixed mode windows-amd64 compressed oops)
Heap:
 PSYoungGen      total 56832K, used 51820K [0x00000000eab00000, 0x00000000ef680000, 0x0000000100000000)
  eden space 50688K, 90% used [0x00000000eab00000,0x00000000ed7a0528,0x00000000edc80000)
  from space 6144K, 99% used [0x00000000ee380000,0x00000000ee97ac40,0x00000000ee980000)
  to   space 7168K, 0% used [0x00000000edc80000,0x00000000edc80000,0x00000000ee380000)
 ParOldGen       total 37376K, used 11141K [0x00000000c0000000, 0x00000000c2480000, 0x00000000eab00000)
  object space 37376K, 29% used [0x00000000c0000000,0x00000000c0ae1630,0x00000000c2480000)
 Metaspace       used 33665K, capacity 34260K, committed 34736K, reserved 1079296K
  class space    used 4796K, capacity 4988K, committed 5040K, reserved 1048576K
GC Heap History (10 events):
Event: 6.323 GC heap before
{Heap before GC invocations=9 (full 0):
 PSYoungGen      total 37376K, used 26946K [0x00000000eab00000, 0x00000000ed500000, 0x0000000100000000)
  eden space 31744K, 73% used [0x00000000eab00000,0x00000000ec1dc920,0x00000000eca00000)
  from space 5632K, 62% used [0x00000000ecf80000,0x00000000ed2f4038,0x00000000ed500000)
  to   space 5632K, 0% used [0x00000000eca00000,0x00000000eca00000,0x00000000ecf80000)
 ParOldGen       total 44032K, used 6823K [0x00000000c0000000, 0x00000000c2b00000, 0x00000000eab00000)
  object space 44032K, 15% used [0x00000000c0000000,0x00000000c06a9f10,0x00000000c2b00000)
 Metaspace       used 20745K, capacity 21094K, committed 21296K, reserved 1067008K
  class space    used 2963K, capacity 3093K, committed 3120K, reserved 1048576K
Event: 6.334 GC heap after
Heap after GC invocations=9 (full 0):
 PSYoungGen      total 37376K, used 4886K [0x00000000eab00000, 0x00000000ee800000, 0x0000000100000000)
  eden space 31744K, 0% used [0x00000000eab00000,0x00000000eab00000,0x00000000eca00000)
  from space 5632K, 86% used [0x00000000eca00000,0x00000000ecec5b70,0x00000000ecf80000)
  to   space 5632K, 0% used [0x00000000ee280000,0x00000000ee280000,0x00000000ee800000)
 ParOldGen       total 44032K, used 7739K [0x00000000c0000000, 0x00000000c2b00000, 0x00000000eab00000)
  object space 44032K, 17% used [0x00000000c0000000,0x00000000c078ef98,0x00000000c2b00000)
 Metaspace       used 20745K, capacity 21094K, committed 21296K, reserved 1067008K
  class space    used 2963K, capacity 3093K, committed 3120K, reserved 1048576K
}
Event: 6.334 GC heap before
{Heap before GC invocations=10 (full 1):
 PSYoungGen      total 37376K, used 4886K [0x00000000eab00000, 0x00000000ee800000, 0x0000000100000000)
  eden space 31744K, 0% used [0x00000000eab00000,0x00000000eab00000,0x00000000eca00000)
  from space 5632K, 86% used [0x00000000eca00000,0x00000000ecec5b70,0x00000000ecf80000)
  to   space 5632K, 0% used [0x00000000ee280000,0x00000000ee280000,0x00000000ee800000)
 ParOldGen       total 44032K, used 7739K [0x00000000c0000000, 0x00000000c2b00000, 0x00000000eab00000)
  object space 44032K, 17% used [0x00000000c0000000,0x00000000c078ef98,0x00000000c2b00000)
 Metaspace       used 20745K, capacity 21094K, committed 21296K, reserved 1067008K
  class space    used 2963K, capacity 3093K, committed 3120K, reserved 1048576K
Event: 6.426 GC heap after
Heap after GC invocations=10 (full 1):
 PSYoungGen      total 37376K, used 0K [0x00000000eab00000, 0x00000000ee800000, 0x0000000100000000)
  eden space 31744K, 0% used [0x00000000eab00000,0x00000000eab00000,0x00000000eca00000)
  from space 5632K, 0% used [0x00000000eca00000,0x00000000eca00000,0x00000000ecf80000)
  to   space 5632K, 0% used [0x00000000ee280000,0x00000000ee280000,0x00000000ee800000)
 ParOldGen       total 37376K, used 9797K [0x00000000c0000000, 0x00000000c2480000, 0x00000000eab00000)
  object space 37376K, 26% used [0x00000000c0000000,0x00000000c0991700,0x00000000c2480000)
 Metaspace       used 20745K, capacity 21094K, committed 21296K, reserved 1067008K
  class space    used 2963K, capacity 3093K, committed 3120K, reserved 1048576K
}
Event: 7.279 GC heap before
{Heap before GC invocations=11 (full 1):
 PSYoungGen      total 37376K, used 31744K [0x00000000eab00000, 0x00000000ee800000, 0x0000000100000000)
  eden space 31744K, 100% used [0x00000000eab00000,0x00000000eca00000,0x00000000eca00000)
  from space 5632K, 0% used [0x00000000eca00000,0x00000000eca00000,0x00000000ecf80000)
  to   space 5632K, 0% used [0x00000000ee280000,0x00000000ee280000,0x00000000ee800000)
 ParOldGen       total 37376K, used 9797K [0x00000000c0000000, 0x00000000c2480000, 0x00000000eab00000)
  object space 37376K, 26% used [0x00000000c0000000,0x00000000c0991700,0x00000000c2480000)
 Metaspace       used 23888K, capacity 24248K, committed 24496K, reserved 1071104K
  class space    used 3347K, capacity 3481K, committed 3504K, reserved 1048576K
Event: 7.286 GC heap after
Heap after GC invocations=11 (full 1):
 PSYoungGen      total 44544K, used 3726K [0x00000000eab00000, 0x00000000ee680000, 0x0000000100000000)
  eden space 40448K, 0% used [0x00000000eab00000,0x00000000eab00000,0x00000000ed280000)
  from space 4096K, 90% used [0x00000000ee280000,0x00000000ee623938,0x00000000ee680000)
  to   space 5632K, 0% used [0x00000000edb80000,0x00000000edb80000,0x00000000ee100000)
 ParOldGen       total 37376K, used 9805K [0x00000000c0000000, 0x00000000c2480000, 0x00000000eab00000)
  object space 37376K, 26% used [0x00000000c0000000,0x00000000c0993700,0x00000000c2480000)
 Metaspace       used 23888K, capacity 24248K, committed 24496K, reserved 1071104K
  class space    used 3347K, capacity 3481K, committed 3504K, reserved 1048576K
}
Event: 8.032 GC heap before
{Heap before GC invocations=12 (full 1):
 PSYoungGen      total 44544K, used 44174K [0x00000000eab00000, 0x00000000ee680000, 0x0000000100000000)
  eden space 40448K, 100% used [0x00000000eab00000,0x00000000ed280000,0x00000000ed280000)
  from space 4096K, 90% used [0x00000000ee280000,0x00000000ee623938,0x00000000ee680000)
  to   space 5632K, 0% used [0x00000000edb80000,0x00000000edb80000,0x00000000ee100000)
 ParOldGen       total 37376K, used 9805K [0x00000000c0000000, 0x00000000c2480000, 0x00000000eab00000)
  object space 37376K, 26% used [0x00000000c0000000,0x00000000c0993700,0x00000000c2480000)
 Metaspace       used 26874K, capacity 27266K, committed 27568K, reserved 1073152K
  class space    used 3765K, capacity 3910K, committed 4016K, reserved 1048576K
Event: 8.043 GC heap after
Heap after GC invocations=12 (full 1):
 PSYoungGen      total 55296K, used 5515K [0x00000000eab00000, 0x00000000ee980000, 0x0000000100000000)
  eden space 49664K, 0% used [0x00000000eab00000,0x00000000eab00000,0x00000000edb80000)
  from space 5632K, 97% used [0x00000000edb80000,0x00000000ee0e2de8,0x00000000ee100000)
  to   space 6144K, 0% used [0x00000000ee380000,0x00000000ee380000,0x00000000ee980000)
 ParOldGen       total 37376K, used 9813K [0x00000000c0000000, 0x00000000c2480000, 0x00000000eab00000)
  object space 37376K, 26% used [0x00000000c0000000,0x00000000c0995700,0x00000000c2480000)
 Metaspace       used 26874K, capacity 27266K, committed 27568K, reserved 1073152K
  class space    used 3765K, capacity 3910K, committed 4016K, reserved 1048576K
}
Event: 9.435 GC heap before
{Heap before GC invocations=13 (full 1):
 PSYoungGen      total 55296K, used 55179K [0x00000000eab00000, 0x00000000ee980000, 0x0000000100000000)
  eden space 49664K, 100% used [0x00000000eab00000,0x00000000edb80000,0x00000000edb80000)
  from space 5632K, 97% used [0x00000000edb80000,0x00000000ee0e2de8,0x00000000ee100000)
  to   space 6144K, 0% used [0x00000000ee380000,0x00000000ee380000,0x00000000ee980000)
 ParOldGen       total 37376K, used 9813K [0x00000000c0000000, 0x00000000c2480000, 0x00000000eab00000)
  object space 37376K, 26% used [0x00000000c0000000,0x00000000c0995700,0x00000000c2480000)
 Metaspace       used 29792K, capacity 30180K, committed 30512K, reserved 1075200K
  class space    used 4230K, capacity 4373K, committed 4400K, reserved 1048576K
Event: 9.446 GC heap after
Heap after GC invocations=13 (full 1):
 PSYoungGen      total 56832K, used 6123K [0x00000000eab00000, 0x00000000ef680000, 0x0000000100000000)
  eden space 50688K, 0% used [0x00000000eab00000,0x00000000eab00000,0x00000000edc80000)
  from space 6144K, 99% used [0x00000000ee380000,0x00000000ee97ac40,0x00000000ee980000)
  to   space 7168K, 0% used [0x00000000edc80000,0x00000000edc80000,0x00000000ee380000)
 ParOldGen       total 37376K, used 11141K [0x00000000c0000000, 0x00000000c2480000, 0x00000000eab00000)
  object space 37376K, 29% used [0x00000000c0000000,0x00000000c0ae1630,0x00000000c2480000)
 Metaspace       used 29792K, capacity 30180K, committed 30512K, reserved 1075200K
  class space    used 4230K, capacity 4373K, committed 4400K, reserved 1048576K
}

